  [1m[36m (15.9ms)[0m  [1mCREATE TABLE "schema_migrations" ("version" character varying NOT NULL) [0m
  [1m[35m (3.1ms)[0m  CREATE UNIQUE INDEX  "unique_schema_migrations" ON "schema_migrations"  ("version")
  [1m[36mActiveRecord::SchemaMigration Load (0.6ms)[0m  [1mSELECT "schema_migrations".* FROM "schema_migrations"[0m
Migrating to CreateUsers (20150407175032)
  [1m[35m (0.3ms)[0m  BEGIN
  [1m[36m (12.2ms)[0m  [1mCREATE TABLE "users" ("id" serial primary key, "email" character varying NOT NULL, "password_digest" character varying NOT NULL, "session_token" character varying NOT NULL, "created_at" timestamp NOT NULL, "updated_at" timestamp NOT NULL) [0m
  [1m[35m (1.6ms)[0m  CREATE UNIQUE INDEX  "index_users_on_email" ON "users"  ("email")
  [1m[36m (1.3ms)[0m  [1mCREATE UNIQUE INDEX  "index_users_on_session_token" ON "users"  ("session_token")[0m
  [1m[35mSQL (1.3ms)[0m  INSERT INTO "schema_migrations" ("version") VALUES ($1)  [["version", "20150407175032"]]
  [1m[36m (0.9ms)[0m  [1mCOMMIT[0m
  [1m[35mActiveRecord::SchemaMigration Load (0.3ms)[0m  SELECT "schema_migrations".* FROM "schema_migrations"
  [1m[36m (5.0ms)[0m  [1mSELECT t2.oid::regclass::text AS to_table, a1.attname AS column, a2.attname AS primary_key, c.conname AS name, c.confupdtype AS on_update, c.confdeltype AS on_delete
FROM pg_constraint c
JOIN pg_class t1 ON c.conrelid = t1.oid
JOIN pg_class t2 ON c.confrelid = t2.oid
JOIN pg_attribute a1 ON a1.attnum = c.conkey[1] AND a1.attrelid = t1.oid
JOIN pg_attribute a2 ON a2.attnum = c.confkey[1] AND a2.attrelid = t2.oid
JOIN pg_namespace t3 ON c.connamespace = t3.oid
WHERE c.contype = 'f'
  AND t1.relname = 'users'
  AND t3.nspname = ANY (current_schemas(false))
ORDER BY c.conname
[0m


Started GET "/" for ::1 at 2015-04-07 11:48:27 -0700
  [1m[36mActiveRecord::SchemaMigration Load (1.0ms)[0m  [1mSELECT "schema_migrations".* FROM "schema_migrations"[0m
Processing by Rails::WelcomeController#index as HTML
  Rendered /Users/vincentshieh/.rbenv/versions/2.1.2/lib/ruby/gems/2.1.0/gems/railties-4.2.0/lib/rails/templates/rails/welcome/index.html.erb (3.0ms)
Completed 200 OK in 28ms (Views: 16.6ms | ActiveRecord: 0.0ms)


Started GET "/users/new" for ::1 at 2015-04-07 11:48:36 -0700
Processing by UsersController#new as HTML
Completed 500 Internal Server Error in 3ms

SyntaxError - syntax error, unexpected ':', expecting keyword_end
  validates: :email, presence: true, uniqueness: true
            ^
/Users/vincentshieh/app-academy/MovementCentral/app/models/user.rb:4: Can't assign to true
  validates: :email, presence: true, uniqueness: true
                                    ^
/Users/vincentshieh/app-academy/MovementCentral/app/models/user.rb:5: syntax error, unexpected ':', expecting keyword_end
  validates: :session_token, presence: true, uniqueness: true
            ^
/Users/vincentshieh/app-academy/MovementCentral/app/models/user.rb:5: Can't assign to true
  validates: :session_token, presence: true, uniqueness: true
                                            ^
/Users/vincentshieh/app-academy/MovementCentral/app/models/user.rb:6: syntax error, unexpected ':', expecting keyword_end
  validates: :password_digest, presence: true
            ^
/Users/vincentshieh/app-academy/MovementCentral/app/models/user.rb:7: syntax error, unexpected ':', expecting keyword_end
  validates: :password, length: { minimum: 6, allow_nil: true }
            ^:
  app/models/user.rb:4:in `'
  activesupport (4.2.0) lib/active_support/dependencies.rb:457:in `block in load_file'
  activesupport (4.2.0) lib/active_support/dependencies.rb:647:in `new_constants_in'
  activesupport (4.2.0) lib/active_support/dependencies.rb:456:in `load_file'
  activesupport (4.2.0) lib/active_support/dependencies.rb:354:in `require_or_load'
  activesupport (4.2.0) lib/active_support/dependencies.rb:494:in `load_missing_constant'
  activesupport (4.2.0) lib/active_support/dependencies.rb:184:in `const_missing'
  activesupport (4.2.0) lib/active_support/dependencies.rb:526:in `load_missing_constant'
  activesupport (4.2.0) lib/active_support/dependencies.rb:184:in `const_missing'
  app/controllers/users_controller.rb:21:in `new'
  actionpack (4.2.0) lib/action_controller/metal/implicit_render.rb:4:in `send_action'
  actionpack (4.2.0) lib/abstract_controller/base.rb:198:in `process_action'
  actionpack (4.2.0) lib/action_controller/metal/rendering.rb:10:in `process_action'
  actionpack (4.2.0) lib/abstract_controller/callbacks.rb:20:in `block in process_action'
  activesupport (4.2.0) lib/active_support/callbacks.rb:117:in `call'
  activesupport (4.2.0) lib/active_support/callbacks.rb:151:in `block in halting_and_conditional'
  activesupport (4.2.0) lib/active_support/callbacks.rb:234:in `block in halting'
  activesupport (4.2.0) lib/active_support/callbacks.rb:234:in `block in halting'
  activesupport (4.2.0) lib/active_support/callbacks.rb:169:in `block in halting'
  activesupport (4.2.0) lib/active_support/callbacks.rb:169:in `block in halting'
  activesupport (4.2.0) lib/active_support/callbacks.rb:169:in `block in halting'
  activesupport (4.2.0) lib/active_support/callbacks.rb:92:in `_run_callbacks'
  activesupport (4.2.0) lib/active_support/callbacks.rb:734:in `_run_process_action_callbacks'
  activesupport (4.2.0) lib/active_support/callbacks.rb:81:in `run_callbacks'
  actionpack (4.2.0) lib/abstract_controller/callbacks.rb:19:in `process_action'
  actionpack (4.2.0) lib/action_controller/metal/rescue.rb:29:in `process_action'
  actionpack (4.2.0) lib/action_controller/metal/instrumentation.rb:31:in `block in process_action'
  activesupport (4.2.0) lib/active_support/notifications.rb:164:in `block in instrument'
  activesupport (4.2.0) lib/active_support/notifications/instrumenter.rb:20:in `instrument'
  activesupport (4.2.0) lib/active_support/notifications.rb:164:in `instrument'
  actionpack (4.2.0) lib/action_controller/metal/instrumentation.rb:30:in `process_action'
  actionpack (4.2.0) lib/action_controller/metal/params_wrapper.rb:250:in `process_action'
  activerecord (4.2.0) lib/active_record/railties/controller_runtime.rb:18:in `process_action'
  actionpack (4.2.0) lib/abstract_controller/base.rb:137:in `process'
  actionview (4.2.0) lib/action_view/rendering.rb:30:in `process'
  actionpack (4.2.0) lib/action_controller/metal.rb:195:in `dispatch'
  actionpack (4.2.0) lib/action_controller/metal/rack_delegation.rb:13:in `dispatch'
  actionpack (4.2.0) lib/action_controller/metal.rb:236:in `block in action'
  actionpack (4.2.0) lib/action_dispatch/routing/route_set.rb:73:in `dispatch'
  actionpack (4.2.0) lib/action_dispatch/routing/route_set.rb:42:in `serve'
  actionpack (4.2.0) lib/action_dispatch/journey/router.rb:43:in `block in serve'
  actionpack (4.2.0) lib/action_dispatch/journey/router.rb:30:in `serve'
  actionpack (4.2.0) lib/action_dispatch/routing/route_set.rb:802:in `call'
  newrelic_rpm (3.11.1.284) lib/new_relic/agent/instrumentation/middleware_tracing.rb:67:in `call'
  newrelic_rpm (3.11.1.284) lib/new_relic/rack/agent_hooks.rb:30:in `traced_call'
  newrelic_rpm (3.11.1.284) lib/new_relic/agent/instrumentation/middleware_tracing.rb:67:in `call'
  newrelic_rpm (3.11.1.284) lib/new_relic/rack/browser_monitoring.rb:23:in `traced_call'
  newrelic_rpm (3.11.1.284) lib/new_relic/agent/instrumentation/middleware_tracing.rb:67:in `call'
  rack (1.6.0) lib/rack/etag.rb:24:in `call'
  newrelic_rpm (3.11.1.284) lib/new_relic/agent/instrumentation/middleware_tracing.rb:67:in `call'
  rack (1.6.0) lib/rack/conditionalget.rb:25:in `call'
  newrelic_rpm (3.11.1.284) lib/new_relic/agent/instrumentation/middleware_tracing.rb:67:in `call'
  rack (1.6.0) lib/rack/head.rb:13:in `call'
  newrelic_rpm (3.11.1.284) lib/new_relic/agent/instrumentation/middleware_tracing.rb:67:in `call'
  actionpack (4.2.0) lib/action_dispatch/middleware/params_parser.rb:27:in `call'
  newrelic_rpm (3.11.1.284) lib/new_relic/agent/instrumentation/middleware_tracing.rb:67:in `call'
  actionpack (4.2.0) lib/action_dispatch/middleware/flash.rb:260:in `call'
  newrelic_rpm (3.11.1.284) lib/new_relic/agent/instrumentation/middleware_tracing.rb:67:in `call'
  rack (1.6.0) lib/rack/session/abstract/id.rb:225:in `context'
  rack (1.6.0) lib/rack/session/abstract/id.rb:220:in `call'
  newrelic_rpm (3.11.1.284) lib/new_relic/agent/instrumentation/middleware_tracing.rb:67:in `call'
  actionpack (4.2.0) lib/action_dispatch/middleware/cookies.rb:560:in `call'
  newrelic_rpm (3.11.1.284) lib/new_relic/agent/instrumentation/middleware_tracing.rb:67:in `call'
  activerecord (4.2.0) lib/active_record/query_cache.rb:36:in `call'
  newrelic_rpm (3.11.1.284) lib/new_relic/agent/instrumentation/middleware_tracing.rb:67:in `call'
  activerecord (4.2.0) lib/active_record/connection_adapters/abstract/connection_pool.rb:647:in `call'
  newrelic_rpm (3.11.1.284) lib/new_relic/agent/instrumentation/middleware_tracing.rb:67:in `call'
  activerecord (4.2.0) lib/active_record/migration.rb:378:in `call'
  newrelic_rpm (3.11.1.284) lib/new_relic/agent/instrumentation/middleware_tracing.rb:67:in `call'
  actionpack (4.2.0) lib/action_dispatch/middleware/callbacks.rb:29:in `block in call'
  activesupport (4.2.0) lib/active_support/callbacks.rb:88:in `_run_callbacks'
  activesupport (4.2.0) lib/active_support/callbacks.rb:734:in `_run_call_callbacks'
  activesupport (4.2.0) lib/active_support/callbacks.rb:81:in `run_callbacks'
  actionpack (4.2.0) lib/action_dispatch/middleware/callbacks.rb:27:in `call'
  newrelic_rpm (3.11.1.284) lib/new_relic/agent/instrumentation/middleware_tracing.rb:67:in `call'
  actionpack (4.2.0) lib/action_dispatch/middleware/reloader.rb:73:in `call'
  newrelic_rpm (3.11.1.284) lib/new_relic/agent/instrumentation/middleware_tracing.rb:67:in `call'
  actionpack (4.2.0) lib/action_dispatch/middleware/remote_ip.rb:78:in `call'
  newrelic_rpm (3.11.1.284) lib/new_relic/agent/instrumentation/middleware_tracing.rb:67:in `call'
  better_errors (2.1.1) lib/better_errors/middleware.rb:84:in `protected_app_call'
  better_errors (2.1.1) lib/better_errors/middleware.rb:79:in `better_errors_call'
  better_errors (2.1.1) lib/better_errors/middleware.rb:57:in `call'
  newrelic_rpm (3.11.1.284) lib/new_relic/agent/instrumentation/middleware_tracing.rb:67:in `call'
  actionpack (4.2.0) lib/action_dispatch/middleware/debug_exceptions.rb:17:in `call'
  newrelic_rpm (3.11.1.284) lib/new_relic/agent/instrumentation/middleware_tracing.rb:67:in `call'
  web-console (2.1.2) lib/web_console/middleware.rb:37:in `call'
  newrelic_rpm (3.11.1.284) lib/new_relic/agent/instrumentation/middleware_tracing.rb:67:in `call'
  actionpack (4.2.0) lib/action_dispatch/middleware/show_exceptions.rb:30:in `call'
  newrelic_rpm (3.11.1.284) lib/new_relic/agent/instrumentation/middleware_tracing.rb:67:in `call'
  railties (4.2.0) lib/rails/rack/logger.rb:38:in `call_app'
  railties (4.2.0) lib/rails/rack/logger.rb:20:in `block in call'
  activesupport (4.2.0) lib/active_support/tagged_logging.rb:68:in `block in tagged'
  activesupport (4.2.0) lib/active_support/tagged_logging.rb:26:in `tagged'
  activesupport (4.2.0) lib/active_support/tagged_logging.rb:68:in `tagged'
  railties (4.2.0) lib/rails/rack/logger.rb:20:in `call'
  quiet_assets (1.1.0) lib/quiet_assets.rb:27:in `call_with_quiet_assets'
  newrelic_rpm (3.11.1.284) lib/new_relic/agent/instrumentation/middleware_tracing.rb:67:in `call'
  actionpack (4.2.0) lib/action_dispatch/middleware/request_id.rb:21:in `call'
  newrelic_rpm (3.11.1.284) lib/new_relic/agent/instrumentation/middleware_tracing.rb:67:in `call'
  rack (1.6.0) lib/rack/methodoverride.rb:22:in `call'
  newrelic_rpm (3.11.1.284) lib/new_relic/agent/instrumentation/middleware_tracing.rb:67:in `call'
  rack (1.6.0) lib/rack/runtime.rb:18:in `call'
  newrelic_rpm (3.11.1.284) lib/new_relic/agent/instrumentation/middleware_tracing.rb:67:in `call'
  activesupport (4.2.0) lib/active_support/cache/strategy/local_cache_middleware.rb:28:in `call'
  newrelic_rpm (3.11.1.284) lib/new_relic/agent/instrumentation/middleware_tracing.rb:67:in `call'
  rack (1.6.0) lib/rack/lock.rb:17:in `call'
  newrelic_rpm (3.11.1.284) lib/new_relic/agent/instrumentation/middleware_tracing.rb:67:in `call'
  actionpack (4.2.0) lib/action_dispatch/middleware/static.rb:113:in `call'
  newrelic_rpm (3.11.1.284) lib/new_relic/agent/instrumentation/middleware_tracing.rb:67:in `call'
  rack (1.6.0) lib/rack/sendfile.rb:113:in `call'
  newrelic_rpm (3.11.1.284) lib/new_relic/agent/instrumentation/middleware_tracing.rb:67:in `call'
  railties (4.2.0) lib/rails/engine.rb:518:in `call'
  railties (4.2.0) lib/rails/application.rb:164:in `call'
  newrelic_rpm (3.11.1.284) lib/new_relic/agent/instrumentation/middleware_tracing.rb:67:in `call'
  rack (1.6.0) lib/rack/lock.rb:17:in `call'
  rack (1.6.0) lib/rack/content_length.rb:15:in `call'
  rack (1.6.0) lib/rack/handler/webrick.rb:89:in `service'
  /Users/vincentshieh/.rbenv/versions/2.1.2/lib/ruby/2.1.0/webrick/httpserver.rb:138:in `service'
  /Users/vincentshieh/.rbenv/versions/2.1.2/lib/ruby/2.1.0/webrick/httpserver.rb:94:in `run'
  /Users/vincentshieh/.rbenv/versions/2.1.2/lib/ruby/2.1.0/webrick/server.rb:295:in `block in start_thread'



Started POST "/__better_errors/bc6df27d44a02def/variables" for ::1 at 2015-04-07 11:48:37 -0700


Started GET "/users/new" for ::1 at 2015-04-07 11:49:49 -0700
Processing by UsersController#new as HTML
  Rendered shared/_login.html.erb (0.9ms)
  Rendered users/new.html.erb within layouts/application (6.9ms)
Completed 200 OK in 1667ms (Views: 1655.2ms | ActiveRecord: 4.8ms)


Started POST "/users" for ::1 at 2015-04-07 11:50:32 -0700
Processing by UsersController#create as HTML
  Parameters: {"authenticity_token"=>"Z6W3gNg8bEzlu8Bx5/2crt4WWnXMq+00b1qYR+0y2dUafJnBKSIL0Uo3nLy2mkORYk8l9GEYiWl58Crt4Ui0ug==", "user"=>{"email"=>"user1@example.com", "password"=>"[FILTERED]"}}
Completed 500 Internal Server Error in 5ms

NameError - uninitialized constant User::BCrypt:
  activesupport (4.2.0) lib/active_support/dependencies.rb:533:in `load_missing_constant'
  activesupport (4.2.0) lib/active_support/dependencies.rb:184:in `const_missing'
  app/models/user.rb:22:in `password='
  activerecord (4.2.0) lib/active_record/attribute_assignment.rb:54:in `_assign_attribute'
  activerecord (4.2.0) lib/active_record/attribute_assignment.rb:41:in `block in assign_attributes'
  actionpack (4.2.0) lib/action_controller/metal/strong_parameters.rb:183:in `each_pair'
  activerecord (4.2.0) lib/active_record/attribute_assignment.rb:35:in `assign_attributes'
  activerecord (4.2.0) lib/active_record/core.rb:557:in `init_attributes'
  activerecord (4.2.0) lib/active_record/core.rb:280:in `initialize'
  activerecord (4.2.0) lib/active_record/inheritance.rb:61:in `new'
  app/controllers/users_controller.rb:5:in `create'
  actionpack (4.2.0) lib/action_controller/metal/implicit_render.rb:4:in `send_action'
  actionpack (4.2.0) lib/abstract_controller/base.rb:198:in `process_action'
  actionpack (4.2.0) lib/action_controller/metal/rendering.rb:10:in `process_action'
  actionpack (4.2.0) lib/abstract_controller/callbacks.rb:20:in `block in process_action'
  activesupport (4.2.0) lib/active_support/callbacks.rb:117:in `call'
  activesupport (4.2.0) lib/active_support/callbacks.rb:151:in `block in halting_and_conditional'
  activesupport (4.2.0) lib/active_support/callbacks.rb:234:in `block in halting'
  activesupport (4.2.0) lib/active_support/callbacks.rb:234:in `block in halting'
  activesupport (4.2.0) lib/active_support/callbacks.rb:169:in `block in halting'
  activesupport (4.2.0) lib/active_support/callbacks.rb:169:in `block in halting'
  activesupport (4.2.0) lib/active_support/callbacks.rb:169:in `block in halting'
  activesupport (4.2.0) lib/active_support/callbacks.rb:92:in `_run_callbacks'
  activesupport (4.2.0) lib/active_support/callbacks.rb:734:in `_run_process_action_callbacks'
  activesupport (4.2.0) lib/active_support/callbacks.rb:81:in `run_callbacks'
  actionpack (4.2.0) lib/abstract_controller/callbacks.rb:19:in `process_action'
  actionpack (4.2.0) lib/action_controller/metal/rescue.rb:29:in `process_action'
  actionpack (4.2.0) lib/action_controller/metal/instrumentation.rb:31:in `block in process_action'
  activesupport (4.2.0) lib/active_support/notifications.rb:164:in `block in instrument'
  activesupport (4.2.0) lib/active_support/notifications/instrumenter.rb:20:in `instrument'
  activesupport (4.2.0) lib/active_support/notifications.rb:164:in `instrument'
  actionpack (4.2.0) lib/action_controller/metal/instrumentation.rb:30:in `process_action'
  actionpack (4.2.0) lib/action_controller/metal/params_wrapper.rb:250:in `process_action'
  activerecord (4.2.0) lib/active_record/railties/controller_runtime.rb:18:in `process_action'
  actionpack (4.2.0) lib/abstract_controller/base.rb:137:in `process'
  actionview (4.2.0) lib/action_view/rendering.rb:30:in `process'
  actionpack (4.2.0) lib/action_controller/metal.rb:195:in `dispatch'
  actionpack (4.2.0) lib/action_controller/metal/rack_delegation.rb:13:in `dispatch'
  actionpack (4.2.0) lib/action_controller/metal.rb:236:in `block in action'
  actionpack (4.2.0) lib/action_dispatch/routing/route_set.rb:73:in `dispatch'
  actionpack (4.2.0) lib/action_dispatch/routing/route_set.rb:42:in `serve'
  actionpack (4.2.0) lib/action_dispatch/journey/router.rb:43:in `block in serve'
  actionpack (4.2.0) lib/action_dispatch/journey/router.rb:30:in `serve'
  actionpack (4.2.0) lib/action_dispatch/routing/route_set.rb:802:in `call'
  newrelic_rpm (3.11.1.284) lib/new_relic/agent/instrumentation/middleware_tracing.rb:67:in `call'
  newrelic_rpm (3.11.1.284) lib/new_relic/rack/agent_hooks.rb:30:in `traced_call'
  newrelic_rpm (3.11.1.284) lib/new_relic/agent/instrumentation/middleware_tracing.rb:67:in `call'
  newrelic_rpm (3.11.1.284) lib/new_relic/rack/browser_monitoring.rb:23:in `traced_call'
  newrelic_rpm (3.11.1.284) lib/new_relic/agent/instrumentation/middleware_tracing.rb:67:in `call'
  rack (1.6.0) lib/rack/etag.rb:24:in `call'
  newrelic_rpm (3.11.1.284) lib/new_relic/agent/instrumentation/middleware_tracing.rb:67:in `call'
  rack (1.6.0) lib/rack/conditionalget.rb:38:in `call'
  newrelic_rpm (3.11.1.284) lib/new_relic/agent/instrumentation/middleware_tracing.rb:67:in `call'
  rack (1.6.0) lib/rack/head.rb:13:in `call'
  newrelic_rpm (3.11.1.284) lib/new_relic/agent/instrumentation/middleware_tracing.rb:67:in `call'
  actionpack (4.2.0) lib/action_dispatch/middleware/params_parser.rb:27:in `call'
  newrelic_rpm (3.11.1.284) lib/new_relic/agent/instrumentation/middleware_tracing.rb:67:in `call'
  actionpack (4.2.0) lib/action_dispatch/middleware/flash.rb:260:in `call'
  newrelic_rpm (3.11.1.284) lib/new_relic/agent/instrumentation/middleware_tracing.rb:67:in `call'
  rack (1.6.0) lib/rack/session/abstract/id.rb:225:in `context'
  rack (1.6.0) lib/rack/session/abstract/id.rb:220:in `call'
  newrelic_rpm (3.11.1.284) lib/new_relic/agent/instrumentation/middleware_tracing.rb:67:in `call'
  actionpack (4.2.0) lib/action_dispatch/middleware/cookies.rb:560:in `call'
  newrelic_rpm (3.11.1.284) lib/new_relic/agent/instrumentation/middleware_tracing.rb:67:in `call'
  activerecord (4.2.0) lib/active_record/query_cache.rb:36:in `call'
  newrelic_rpm (3.11.1.284) lib/new_relic/agent/instrumentation/middleware_tracing.rb:67:in `call'
  activerecord (4.2.0) lib/active_record/connection_adapters/abstract/connection_pool.rb:647:in `call'
  newrelic_rpm (3.11.1.284) lib/new_relic/agent/instrumentation/middleware_tracing.rb:67:in `call'
  activerecord (4.2.0) lib/active_record/migration.rb:378:in `call'
  newrelic_rpm (3.11.1.284) lib/new_relic/agent/instrumentation/middleware_tracing.rb:67:in `call'
  actionpack (4.2.0) lib/action_dispatch/middleware/callbacks.rb:29:in `block in call'
  activesupport (4.2.0) lib/active_support/callbacks.rb:88:in `_run_callbacks'
  activesupport (4.2.0) lib/active_support/callbacks.rb:734:in `_run_call_callbacks'
  activesupport (4.2.0) lib/active_support/callbacks.rb:81:in `run_callbacks'
  actionpack (4.2.0) lib/action_dispatch/middleware/callbacks.rb:27:in `call'
  newrelic_rpm (3.11.1.284) lib/new_relic/agent/instrumentation/middleware_tracing.rb:67:in `call'
  actionpack (4.2.0) lib/action_dispatch/middleware/reloader.rb:73:in `call'
  newrelic_rpm (3.11.1.284) lib/new_relic/agent/instrumentation/middleware_tracing.rb:67:in `call'
  actionpack (4.2.0) lib/action_dispatch/middleware/remote_ip.rb:78:in `call'
  newrelic_rpm (3.11.1.284) lib/new_relic/agent/instrumentation/middleware_tracing.rb:67:in `call'
  better_errors (2.1.1) lib/better_errors/middleware.rb:84:in `protected_app_call'
  better_errors (2.1.1) lib/better_errors/middleware.rb:79:in `better_errors_call'
  better_errors (2.1.1) lib/better_errors/middleware.rb:57:in `call'
  newrelic_rpm (3.11.1.284) lib/new_relic/agent/instrumentation/middleware_tracing.rb:67:in `call'
  actionpack (4.2.0) lib/action_dispatch/middleware/debug_exceptions.rb:17:in `call'
  newrelic_rpm (3.11.1.284) lib/new_relic/agent/instrumentation/middleware_tracing.rb:67:in `call'
  web-console (2.1.2) lib/web_console/middleware.rb:37:in `call'
  newrelic_rpm (3.11.1.284) lib/new_relic/agent/instrumentation/middleware_tracing.rb:67:in `call'
  actionpack (4.2.0) lib/action_dispatch/middleware/show_exceptions.rb:30:in `call'
  newrelic_rpm (3.11.1.284) lib/new_relic/agent/instrumentation/middleware_tracing.rb:67:in `call'
  railties (4.2.0) lib/rails/rack/logger.rb:38:in `call_app'
  railties (4.2.0) lib/rails/rack/logger.rb:20:in `block in call'
  activesupport (4.2.0) lib/active_support/tagged_logging.rb:68:in `block in tagged'
  activesupport (4.2.0) lib/active_support/tagged_logging.rb:26:in `tagged'
  activesupport (4.2.0) lib/active_support/tagged_logging.rb:68:in `tagged'
  railties (4.2.0) lib/rails/rack/logger.rb:20:in `call'
  quiet_assets (1.1.0) lib/quiet_assets.rb:27:in `call_with_quiet_assets'
  newrelic_rpm (3.11.1.284) lib/new_relic/agent/instrumentation/middleware_tracing.rb:67:in `call'
  actionpack (4.2.0) lib/action_dispatch/middleware/request_id.rb:21:in `call'
  newrelic_rpm (3.11.1.284) lib/new_relic/agent/instrumentation/middleware_tracing.rb:67:in `call'
  rack (1.6.0) lib/rack/methodoverride.rb:22:in `call'
  newrelic_rpm (3.11.1.284) lib/new_relic/agent/instrumentation/middleware_tracing.rb:67:in `call'
  rack (1.6.0) lib/rack/runtime.rb:18:in `call'
  newrelic_rpm (3.11.1.284) lib/new_relic/agent/instrumentation/middleware_tracing.rb:67:in `call'
  activesupport (4.2.0) lib/active_support/cache/strategy/local_cache_middleware.rb:28:in `call'
  newrelic_rpm (3.11.1.284) lib/new_relic/agent/instrumentation/middleware_tracing.rb:67:in `call'
  rack (1.6.0) lib/rack/lock.rb:17:in `call'
  newrelic_rpm (3.11.1.284) lib/new_relic/agent/instrumentation/middleware_tracing.rb:67:in `call'
  actionpack (4.2.0) lib/action_dispatch/middleware/static.rb:113:in `call'
  newrelic_rpm (3.11.1.284) lib/new_relic/agent/instrumentation/middleware_tracing.rb:67:in `call'
  rack (1.6.0) lib/rack/sendfile.rb:113:in `call'
  newrelic_rpm (3.11.1.284) lib/new_relic/agent/instrumentation/middleware_tracing.rb:67:in `call'
  railties (4.2.0) lib/rails/engine.rb:518:in `call'
  railties (4.2.0) lib/rails/application.rb:164:in `call'
  newrelic_rpm (3.11.1.284) lib/new_relic/agent/instrumentation/middleware_tracing.rb:67:in `call'
  rack (1.6.0) lib/rack/lock.rb:17:in `call'
  rack (1.6.0) lib/rack/content_length.rb:15:in `call'
  rack (1.6.0) lib/rack/handler/webrick.rb:89:in `service'
  /Users/vincentshieh/.rbenv/versions/2.1.2/lib/ruby/2.1.0/webrick/httpserver.rb:138:in `service'
  /Users/vincentshieh/.rbenv/versions/2.1.2/lib/ruby/2.1.0/webrick/httpserver.rb:94:in `run'
  /Users/vincentshieh/.rbenv/versions/2.1.2/lib/ruby/2.1.0/webrick/server.rb:295:in `block in start_thread'



Started POST "/__better_errors/833f67b817b95e6b/variables" for ::1 at 2015-04-07 11:50:32 -0700


Started GET "/users/new" for ::1 at 2015-04-07 11:52:01 -0700
Processing by UsersController#new as HTML
  Rendered shared/_login.html.erb (0.2ms)
  Rendered users/new.html.erb within layouts/application (1.2ms)
Completed 200 OK in 56ms (Views: 55.5ms | ActiveRecord: 0.0ms)


Started POST "/users" for ::1 at 2015-04-07 11:52:31 -0700
Processing by UsersController#create as HTML
  Parameters: {"authenticity_token"=>"5urRcGWHeS2bteCucgElcCK5zIGY1xDdsbtn17foLwqbM/8xlJkesDQ5vGMjZvpPnuCzADVkdICnEdV9u5JCZQ==", "user"=>{"email"=>"u1@dance.com", "password"=>"[FILTERED]"}}
Completed 500 Internal Server Error in 4ms

NameError - uninitialized constant User::BCrypt:
  activesupport (4.2.0) lib/active_support/dependencies.rb:533:in `load_missing_constant'
  activesupport (4.2.0) lib/active_support/dependencies.rb:184:in `const_missing'
  app/models/user.rb:22:in `password='
  activerecord (4.2.0) lib/active_record/attribute_assignment.rb:54:in `_assign_attribute'
  activerecord (4.2.0) lib/active_record/attribute_assignment.rb:41:in `block in assign_attributes'
  actionpack (4.2.0) lib/action_controller/metal/strong_parameters.rb:183:in `each_pair'
  activerecord (4.2.0) lib/active_record/attribute_assignment.rb:35:in `assign_attributes'
  activerecord (4.2.0) lib/active_record/core.rb:557:in `init_attributes'
  activerecord (4.2.0) lib/active_record/core.rb:280:in `initialize'
  activerecord (4.2.0) lib/active_record/inheritance.rb:61:in `new'
  app/controllers/users_controller.rb:5:in `create'
  actionpack (4.2.0) lib/action_controller/metal/implicit_render.rb:4:in `send_action'
  actionpack (4.2.0) lib/abstract_controller/base.rb:198:in `process_action'
  actionpack (4.2.0) lib/action_controller/metal/rendering.rb:10:in `process_action'
  actionpack (4.2.0) lib/abstract_controller/callbacks.rb:20:in `block in process_action'
  activesupport (4.2.0) lib/active_support/callbacks.rb:117:in `call'
  activesupport (4.2.0) lib/active_support/callbacks.rb:151:in `block in halting_and_conditional'
  activesupport (4.2.0) lib/active_support/callbacks.rb:234:in `block in halting'
  activesupport (4.2.0) lib/active_support/callbacks.rb:234:in `block in halting'
  activesupport (4.2.0) lib/active_support/callbacks.rb:169:in `block in halting'
  activesupport (4.2.0) lib/active_support/callbacks.rb:169:in `block in halting'
  activesupport (4.2.0) lib/active_support/callbacks.rb:169:in `block in halting'
  activesupport (4.2.0) lib/active_support/callbacks.rb:92:in `_run_callbacks'
  activesupport (4.2.0) lib/active_support/callbacks.rb:734:in `_run_process_action_callbacks'
  activesupport (4.2.0) lib/active_support/callbacks.rb:81:in `run_callbacks'
  actionpack (4.2.0) lib/abstract_controller/callbacks.rb:19:in `process_action'
  actionpack (4.2.0) lib/action_controller/metal/rescue.rb:29:in `process_action'
  actionpack (4.2.0) lib/action_controller/metal/instrumentation.rb:31:in `block in process_action'
  activesupport (4.2.0) lib/active_support/notifications.rb:164:in `block in instrument'
  activesupport (4.2.0) lib/active_support/notifications/instrumenter.rb:20:in `instrument'
  activesupport (4.2.0) lib/active_support/notifications.rb:164:in `instrument'
  actionpack (4.2.0) lib/action_controller/metal/instrumentation.rb:30:in `process_action'
  actionpack (4.2.0) lib/action_controller/metal/params_wrapper.rb:250:in `process_action'
  activerecord (4.2.0) lib/active_record/railties/controller_runtime.rb:18:in `process_action'
  actionpack (4.2.0) lib/abstract_controller/base.rb:137:in `process'
  actionview (4.2.0) lib/action_view/rendering.rb:30:in `process'
  actionpack (4.2.0) lib/action_controller/metal.rb:195:in `dispatch'
  actionpack (4.2.0) lib/action_controller/metal/rack_delegation.rb:13:in `dispatch'
  actionpack (4.2.0) lib/action_controller/metal.rb:236:in `block in action'
  actionpack (4.2.0) lib/action_dispatch/routing/route_set.rb:73:in `dispatch'
  actionpack (4.2.0) lib/action_dispatch/routing/route_set.rb:42:in `serve'
  actionpack (4.2.0) lib/action_dispatch/journey/router.rb:43:in `block in serve'
  actionpack (4.2.0) lib/action_dispatch/journey/router.rb:30:in `serve'
  actionpack (4.2.0) lib/action_dispatch/routing/route_set.rb:802:in `call'
  newrelic_rpm (3.11.1.284) lib/new_relic/agent/instrumentation/middleware_tracing.rb:67:in `call'
  newrelic_rpm (3.11.1.284) lib/new_relic/rack/agent_hooks.rb:30:in `traced_call'
  newrelic_rpm (3.11.1.284) lib/new_relic/agent/instrumentation/middleware_tracing.rb:67:in `call'
  newrelic_rpm (3.11.1.284) lib/new_relic/rack/browser_monitoring.rb:23:in `traced_call'
  newrelic_rpm (3.11.1.284) lib/new_relic/agent/instrumentation/middleware_tracing.rb:67:in `call'
  rack (1.6.0) lib/rack/etag.rb:24:in `call'
  newrelic_rpm (3.11.1.284) lib/new_relic/agent/instrumentation/middleware_tracing.rb:67:in `call'
  rack (1.6.0) lib/rack/conditionalget.rb:38:in `call'
  newrelic_rpm (3.11.1.284) lib/new_relic/agent/instrumentation/middleware_tracing.rb:67:in `call'
  rack (1.6.0) lib/rack/head.rb:13:in `call'
  newrelic_rpm (3.11.1.284) lib/new_relic/agent/instrumentation/middleware_tracing.rb:67:in `call'
  actionpack (4.2.0) lib/action_dispatch/middleware/params_parser.rb:27:in `call'
  newrelic_rpm (3.11.1.284) lib/new_relic/agent/instrumentation/middleware_tracing.rb:67:in `call'
  actionpack (4.2.0) lib/action_dispatch/middleware/flash.rb:260:in `call'
  newrelic_rpm (3.11.1.284) lib/new_relic/agent/instrumentation/middleware_tracing.rb:67:in `call'
  rack (1.6.0) lib/rack/session/abstract/id.rb:225:in `context'
  rack (1.6.0) lib/rack/session/abstract/id.rb:220:in `call'
  newrelic_rpm (3.11.1.284) lib/new_relic/agent/instrumentation/middleware_tracing.rb:67:in `call'
  actionpack (4.2.0) lib/action_dispatch/middleware/cookies.rb:560:in `call'
  newrelic_rpm (3.11.1.284) lib/new_relic/agent/instrumentation/middleware_tracing.rb:67:in `call'
  activerecord (4.2.0) lib/active_record/query_cache.rb:36:in `call'
  newrelic_rpm (3.11.1.284) lib/new_relic/agent/instrumentation/middleware_tracing.rb:67:in `call'
  activerecord (4.2.0) lib/active_record/connection_adapters/abstract/connection_pool.rb:647:in `call'
  newrelic_rpm (3.11.1.284) lib/new_relic/agent/instrumentation/middleware_tracing.rb:67:in `call'
  activerecord (4.2.0) lib/active_record/migration.rb:378:in `call'
  newrelic_rpm (3.11.1.284) lib/new_relic/agent/instrumentation/middleware_tracing.rb:67:in `call'
  actionpack (4.2.0) lib/action_dispatch/middleware/callbacks.rb:29:in `block in call'
  activesupport (4.2.0) lib/active_support/callbacks.rb:88:in `_run_callbacks'
  activesupport (4.2.0) lib/active_support/callbacks.rb:734:in `_run_call_callbacks'
  activesupport (4.2.0) lib/active_support/callbacks.rb:81:in `run_callbacks'
  actionpack (4.2.0) lib/action_dispatch/middleware/callbacks.rb:27:in `call'
  newrelic_rpm (3.11.1.284) lib/new_relic/agent/instrumentation/middleware_tracing.rb:67:in `call'
  actionpack (4.2.0) lib/action_dispatch/middleware/reloader.rb:73:in `call'
  newrelic_rpm (3.11.1.284) lib/new_relic/agent/instrumentation/middleware_tracing.rb:67:in `call'
  actionpack (4.2.0) lib/action_dispatch/middleware/remote_ip.rb:78:in `call'
  newrelic_rpm (3.11.1.284) lib/new_relic/agent/instrumentation/middleware_tracing.rb:67:in `call'
  better_errors (2.1.1) lib/better_errors/middleware.rb:84:in `protected_app_call'
  better_errors (2.1.1) lib/better_errors/middleware.rb:79:in `better_errors_call'
  better_errors (2.1.1) lib/better_errors/middleware.rb:57:in `call'
  newrelic_rpm (3.11.1.284) lib/new_relic/agent/instrumentation/middleware_tracing.rb:67:in `call'
  actionpack (4.2.0) lib/action_dispatch/middleware/debug_exceptions.rb:17:in `call'
  newrelic_rpm (3.11.1.284) lib/new_relic/agent/instrumentation/middleware_tracing.rb:67:in `call'
  web-console (2.1.2) lib/web_console/middleware.rb:37:in `call'
  newrelic_rpm (3.11.1.284) lib/new_relic/agent/instrumentation/middleware_tracing.rb:67:in `call'
  actionpack (4.2.0) lib/action_dispatch/middleware/show_exceptions.rb:30:in `call'
  newrelic_rpm (3.11.1.284) lib/new_relic/agent/instrumentation/middleware_tracing.rb:67:in `call'
  railties (4.2.0) lib/rails/rack/logger.rb:38:in `call_app'
  railties (4.2.0) lib/rails/rack/logger.rb:20:in `block in call'
  activesupport (4.2.0) lib/active_support/tagged_logging.rb:68:in `block in tagged'
  activesupport (4.2.0) lib/active_support/tagged_logging.rb:26:in `tagged'
  activesupport (4.2.0) lib/active_support/tagged_logging.rb:68:in `tagged'
  railties (4.2.0) lib/rails/rack/logger.rb:20:in `call'
  quiet_assets (1.1.0) lib/quiet_assets.rb:27:in `call_with_quiet_assets'
  newrelic_rpm (3.11.1.284) lib/new_relic/agent/instrumentation/middleware_tracing.rb:67:in `call'
  actionpack (4.2.0) lib/action_dispatch/middleware/request_id.rb:21:in `call'
  newrelic_rpm (3.11.1.284) lib/new_relic/agent/instrumentation/middleware_tracing.rb:67:in `call'
  rack (1.6.0) lib/rack/methodoverride.rb:22:in `call'
  newrelic_rpm (3.11.1.284) lib/new_relic/agent/instrumentation/middleware_tracing.rb:67:in `call'
  rack (1.6.0) lib/rack/runtime.rb:18:in `call'
  newrelic_rpm (3.11.1.284) lib/new_relic/agent/instrumentation/middleware_tracing.rb:67:in `call'
  activesupport (4.2.0) lib/active_support/cache/strategy/local_cache_middleware.rb:28:in `call'
  newrelic_rpm (3.11.1.284) lib/new_relic/agent/instrumentation/middleware_tracing.rb:67:in `call'
  rack (1.6.0) lib/rack/lock.rb:17:in `call'
  newrelic_rpm (3.11.1.284) lib/new_relic/agent/instrumentation/middleware_tracing.rb:67:in `call'
  actionpack (4.2.0) lib/action_dispatch/middleware/static.rb:113:in `call'
  newrelic_rpm (3.11.1.284) lib/new_relic/agent/instrumentation/middleware_tracing.rb:67:in `call'
  rack (1.6.0) lib/rack/sendfile.rb:113:in `call'
  newrelic_rpm (3.11.1.284) lib/new_relic/agent/instrumentation/middleware_tracing.rb:67:in `call'
  railties (4.2.0) lib/rails/engine.rb:518:in `call'
  railties (4.2.0) lib/rails/application.rb:164:in `call'
  newrelic_rpm (3.11.1.284) lib/new_relic/agent/instrumentation/middleware_tracing.rb:67:in `call'
  rack (1.6.0) lib/rack/lock.rb:17:in `call'
  rack (1.6.0) lib/rack/content_length.rb:15:in `call'
  rack (1.6.0) lib/rack/handler/webrick.rb:89:in `service'
  /Users/vincentshieh/.rbenv/versions/2.1.2/lib/ruby/2.1.0/webrick/httpserver.rb:138:in `service'
  /Users/vincentshieh/.rbenv/versions/2.1.2/lib/ruby/2.1.0/webrick/httpserver.rb:94:in `run'
  /Users/vincentshieh/.rbenv/versions/2.1.2/lib/ruby/2.1.0/webrick/server.rb:295:in `block in start_thread'



Started POST "/__better_errors/94da4aa8b1aa0ef3/variables" for ::1 at 2015-04-07 11:52:31 -0700


Started GET "/users/new" for ::1 at 2015-04-07 11:54:23 -0700
  [1m[36mActiveRecord::SchemaMigration Load (0.8ms)[0m  [1mSELECT "schema_migrations".* FROM "schema_migrations"[0m
Processing by UsersController#new as HTML
  Rendered shared/_login.html.erb (1.2ms)
  Rendered users/new.html.erb within layouts/application (9.9ms)
Completed 200 OK in 206ms (Views: 180.0ms | ActiveRecord: 5.4ms)


Started POST "/users" for ::1 at 2015-04-07 11:55:30 -0700
Processing by UsersController#create as HTML
  Parameters: {"authenticity_token"=>"gpI94ie3SN8B3Hs0FHK3sW7gj834gQ/+9y302YMGyEj/SxOj1qkvQq5QJ/lFFWiO0rnwTFUya6Phh0Zzj3ylJw==", "user"=>{"email"=>"u1@dance.com", "password"=>"[FILTERED]"}}
Completed 500 Internal Server Error in 93ms

NoMethodError - undefined method `passowrd_digest=' for #<User:0x007ff96185a180>:
  activemodel (4.2.0) lib/active_model/attribute_methods.rb:433:in `method_missing'
  app/models/user.rb:22:in `password='
  activerecord (4.2.0) lib/active_record/attribute_assignment.rb:54:in `_assign_attribute'
  activerecord (4.2.0) lib/active_record/attribute_assignment.rb:41:in `block in assign_attributes'
  actionpack (4.2.0) lib/action_controller/metal/strong_parameters.rb:183:in `each_pair'
  activerecord (4.2.0) lib/active_record/attribute_assignment.rb:35:in `assign_attributes'
  activerecord (4.2.0) lib/active_record/core.rb:557:in `init_attributes'
  activerecord (4.2.0) lib/active_record/core.rb:280:in `initialize'
  activerecord (4.2.0) lib/active_record/inheritance.rb:61:in `new'
  app/controllers/users_controller.rb:5:in `create'
  actionpack (4.2.0) lib/action_controller/metal/implicit_render.rb:4:in `send_action'
  actionpack (4.2.0) lib/abstract_controller/base.rb:198:in `process_action'
  actionpack (4.2.0) lib/action_controller/metal/rendering.rb:10:in `process_action'
  actionpack (4.2.0) lib/abstract_controller/callbacks.rb:20:in `block in process_action'
  activesupport (4.2.0) lib/active_support/callbacks.rb:117:in `call'
  activesupport (4.2.0) lib/active_support/callbacks.rb:151:in `block in halting_and_conditional'
  activesupport (4.2.0) lib/active_support/callbacks.rb:234:in `block in halting'
  activesupport (4.2.0) lib/active_support/callbacks.rb:234:in `block in halting'
  activesupport (4.2.0) lib/active_support/callbacks.rb:169:in `block in halting'
  activesupport (4.2.0) lib/active_support/callbacks.rb:169:in `block in halting'
  activesupport (4.2.0) lib/active_support/callbacks.rb:169:in `block in halting'
  activesupport (4.2.0) lib/active_support/callbacks.rb:92:in `_run_callbacks'
  activesupport (4.2.0) lib/active_support/callbacks.rb:734:in `_run_process_action_callbacks'
  activesupport (4.2.0) lib/active_support/callbacks.rb:81:in `run_callbacks'
  actionpack (4.2.0) lib/abstract_controller/callbacks.rb:19:in `process_action'
  actionpack (4.2.0) lib/action_controller/metal/rescue.rb:29:in `process_action'
  actionpack (4.2.0) lib/action_controller/metal/instrumentation.rb:31:in `block in process_action'
  activesupport (4.2.0) lib/active_support/notifications.rb:164:in `block in instrument'
  activesupport (4.2.0) lib/active_support/notifications/instrumenter.rb:20:in `instrument'
  activesupport (4.2.0) lib/active_support/notifications.rb:164:in `instrument'
  actionpack (4.2.0) lib/action_controller/metal/instrumentation.rb:30:in `process_action'
  actionpack (4.2.0) lib/action_controller/metal/params_wrapper.rb:250:in `process_action'
  activerecord (4.2.0) lib/active_record/railties/controller_runtime.rb:18:in `process_action'
  actionpack (4.2.0) lib/abstract_controller/base.rb:137:in `process'
  actionview (4.2.0) lib/action_view/rendering.rb:30:in `process'
  actionpack (4.2.0) lib/action_controller/metal.rb:195:in `dispatch'
  actionpack (4.2.0) lib/action_controller/metal/rack_delegation.rb:13:in `dispatch'
  actionpack (4.2.0) lib/action_controller/metal.rb:236:in `block in action'
  actionpack (4.2.0) lib/action_dispatch/routing/route_set.rb:73:in `dispatch'
  actionpack (4.2.0) lib/action_dispatch/routing/route_set.rb:42:in `serve'
  actionpack (4.2.0) lib/action_dispatch/journey/router.rb:43:in `block in serve'
  actionpack (4.2.0) lib/action_dispatch/journey/router.rb:30:in `serve'
  actionpack (4.2.0) lib/action_dispatch/routing/route_set.rb:802:in `call'
  newrelic_rpm (3.11.1.284) lib/new_relic/agent/instrumentation/middleware_tracing.rb:67:in `call'
  newrelic_rpm (3.11.1.284) lib/new_relic/rack/agent_hooks.rb:30:in `traced_call'
  newrelic_rpm (3.11.1.284) lib/new_relic/agent/instrumentation/middleware_tracing.rb:67:in `call'
  newrelic_rpm (3.11.1.284) lib/new_relic/rack/browser_monitoring.rb:23:in `traced_call'
  newrelic_rpm (3.11.1.284) lib/new_relic/agent/instrumentation/middleware_tracing.rb:67:in `call'
  rack (1.6.0) lib/rack/etag.rb:24:in `call'
  newrelic_rpm (3.11.1.284) lib/new_relic/agent/instrumentation/middleware_tracing.rb:67:in `call'
  rack (1.6.0) lib/rack/conditionalget.rb:38:in `call'
  newrelic_rpm (3.11.1.284) lib/new_relic/agent/instrumentation/middleware_tracing.rb:67:in `call'
  rack (1.6.0) lib/rack/head.rb:13:in `call'
  newrelic_rpm (3.11.1.284) lib/new_relic/agent/instrumentation/middleware_tracing.rb:67:in `call'
  actionpack (4.2.0) lib/action_dispatch/middleware/params_parser.rb:27:in `call'
  newrelic_rpm (3.11.1.284) lib/new_relic/agent/instrumentation/middleware_tracing.rb:67:in `call'
  actionpack (4.2.0) lib/action_dispatch/middleware/flash.rb:260:in `call'
  newrelic_rpm (3.11.1.284) lib/new_relic/agent/instrumentation/middleware_tracing.rb:67:in `call'
  rack (1.6.0) lib/rack/session/abstract/id.rb:225:in `context'
  rack (1.6.0) lib/rack/session/abstract/id.rb:220:in `call'
  newrelic_rpm (3.11.1.284) lib/new_relic/agent/instrumentation/middleware_tracing.rb:67:in `call'
  actionpack (4.2.0) lib/action_dispatch/middleware/cookies.rb:560:in `call'
  newrelic_rpm (3.11.1.284) lib/new_relic/agent/instrumentation/middleware_tracing.rb:67:in `call'
  activerecord (4.2.0) lib/active_record/query_cache.rb:36:in `call'
  newrelic_rpm (3.11.1.284) lib/new_relic/agent/instrumentation/middleware_tracing.rb:67:in `call'
  activerecord (4.2.0) lib/active_record/connection_adapters/abstract/connection_pool.rb:647:in `call'
  newrelic_rpm (3.11.1.284) lib/new_relic/agent/instrumentation/middleware_tracing.rb:67:in `call'
  activerecord (4.2.0) lib/active_record/migration.rb:378:in `call'
  newrelic_rpm (3.11.1.284) lib/new_relic/agent/instrumentation/middleware_tracing.rb:67:in `call'
  actionpack (4.2.0) lib/action_dispatch/middleware/callbacks.rb:29:in `block in call'
  activesupport (4.2.0) lib/active_support/callbacks.rb:88:in `_run_callbacks'
  activesupport (4.2.0) lib/active_support/callbacks.rb:734:in `_run_call_callbacks'
  activesupport (4.2.0) lib/active_support/callbacks.rb:81:in `run_callbacks'
  actionpack (4.2.0) lib/action_dispatch/middleware/callbacks.rb:27:in `call'
  newrelic_rpm (3.11.1.284) lib/new_relic/agent/instrumentation/middleware_tracing.rb:67:in `call'
  actionpack (4.2.0) lib/action_dispatch/middleware/reloader.rb:73:in `call'
  newrelic_rpm (3.11.1.284) lib/new_relic/agent/instrumentation/middleware_tracing.rb:67:in `call'
  actionpack (4.2.0) lib/action_dispatch/middleware/remote_ip.rb:78:in `call'
  newrelic_rpm (3.11.1.284) lib/new_relic/agent/instrumentation/middleware_tracing.rb:67:in `call'
  better_errors (2.1.1) lib/better_errors/middleware.rb:84:in `protected_app_call'
  better_errors (2.1.1) lib/better_errors/middleware.rb:79:in `better_errors_call'
  better_errors (2.1.1) lib/better_errors/middleware.rb:57:in `call'
  newrelic_rpm (3.11.1.284) lib/new_relic/agent/instrumentation/middleware_tracing.rb:67:in `call'
  actionpack (4.2.0) lib/action_dispatch/middleware/debug_exceptions.rb:17:in `call'
  newrelic_rpm (3.11.1.284) lib/new_relic/agent/instrumentation/middleware_tracing.rb:67:in `call'
  web-console (2.1.2) lib/web_console/middleware.rb:37:in `call'
  newrelic_rpm (3.11.1.284) lib/new_relic/agent/instrumentation/middleware_tracing.rb:67:in `call'
  actionpack (4.2.0) lib/action_dispatch/middleware/show_exceptions.rb:30:in `call'
  newrelic_rpm (3.11.1.284) lib/new_relic/agent/instrumentation/middleware_tracing.rb:67:in `call'
  railties (4.2.0) lib/rails/rack/logger.rb:38:in `call_app'
  railties (4.2.0) lib/rails/rack/logger.rb:20:in `block in call'
  activesupport (4.2.0) lib/active_support/tagged_logging.rb:68:in `block in tagged'
  activesupport (4.2.0) lib/active_support/tagged_logging.rb:26:in `tagged'
  activesupport (4.2.0) lib/active_support/tagged_logging.rb:68:in `tagged'
  railties (4.2.0) lib/rails/rack/logger.rb:20:in `call'
  quiet_assets (1.1.0) lib/quiet_assets.rb:27:in `call_with_quiet_assets'
  newrelic_rpm (3.11.1.284) lib/new_relic/agent/instrumentation/middleware_tracing.rb:67:in `call'
  actionpack (4.2.0) lib/action_dispatch/middleware/request_id.rb:21:in `call'
  newrelic_rpm (3.11.1.284) lib/new_relic/agent/instrumentation/middleware_tracing.rb:67:in `call'
  rack (1.6.0) lib/rack/methodoverride.rb:22:in `call'
  newrelic_rpm (3.11.1.284) lib/new_relic/agent/instrumentation/middleware_tracing.rb:67:in `call'
  rack (1.6.0) lib/rack/runtime.rb:18:in `call'
  newrelic_rpm (3.11.1.284) lib/new_relic/agent/instrumentation/middleware_tracing.rb:67:in `call'
  activesupport (4.2.0) lib/active_support/cache/strategy/local_cache_middleware.rb:28:in `call'
  newrelic_rpm (3.11.1.284) lib/new_relic/agent/instrumentation/middleware_tracing.rb:67:in `call'
  rack (1.6.0) lib/rack/lock.rb:17:in `call'
  newrelic_rpm (3.11.1.284) lib/new_relic/agent/instrumentation/middleware_tracing.rb:67:in `call'
  actionpack (4.2.0) lib/action_dispatch/middleware/static.rb:113:in `call'
  newrelic_rpm (3.11.1.284) lib/new_relic/agent/instrumentation/middleware_tracing.rb:67:in `call'
  rack (1.6.0) lib/rack/sendfile.rb:113:in `call'
  newrelic_rpm (3.11.1.284) lib/new_relic/agent/instrumentation/middleware_tracing.rb:67:in `call'
  railties (4.2.0) lib/rails/engine.rb:518:in `call'
  railties (4.2.0) lib/rails/application.rb:164:in `call'
  newrelic_rpm (3.11.1.284) lib/new_relic/agent/instrumentation/middleware_tracing.rb:67:in `call'
  rack (1.6.0) lib/rack/lock.rb:17:in `call'
  rack (1.6.0) lib/rack/content_length.rb:15:in `call'
  rack (1.6.0) lib/rack/handler/webrick.rb:89:in `service'
  /Users/vincentshieh/.rbenv/versions/2.1.2/lib/ruby/2.1.0/webrick/httpserver.rb:138:in `service'
  /Users/vincentshieh/.rbenv/versions/2.1.2/lib/ruby/2.1.0/webrick/httpserver.rb:94:in `run'
  /Users/vincentshieh/.rbenv/versions/2.1.2/lib/ruby/2.1.0/webrick/server.rb:295:in `block in start_thread'



Started POST "/__better_errors/c507f0b1e632f6c7/variables" for ::1 at 2015-04-07 11:55:30 -0700


Started GET "/users/new" for ::1 at 2015-04-07 11:56:20 -0700
  [1m[36mActiveRecord::SchemaMigration Load (0.9ms)[0m  [1mSELECT "schema_migrations".* FROM "schema_migrations"[0m
Processing by UsersController#new as HTML
  Rendered shared/_login.html.erb (0.8ms)
  Rendered users/new.html.erb within layouts/application (5.6ms)
Completed 200 OK in 111ms (Views: 89.6ms | ActiveRecord: 5.1ms)


Started POST "/users" for ::1 at 2015-04-07 11:56:30 -0700
Processing by UsersController#create as HTML
  Parameters: {"authenticity_token"=>"t0aCImh1CpN8NgZwVSJrU0WZdL2/bGURcJ/p5hMRI+rKn6xjmWttDtO6Wr0ERbRs+cALPBLfAUxmNVtMH2tOhQ==", "user"=>{"email"=>"u1@dance.com", "password"=>"[FILTERED]"}}
  [1m[35m (0.3ms)[0m  BEGIN
  [1m[36mUser Exists (5.1ms)[0m  [1mSELECT  1 AS one FROM "users" WHERE "users"."email" = 'u1@dance.com' LIMIT 1[0m
  [1m[35mUser Exists (0.6ms)[0m  SELECT  1 AS one FROM "users" WHERE "users"."session_token" IS NULL LIMIT 1
  [1m[36m (0.3ms)[0m  [1mROLLBACK[0m
  Rendered shared/_login.html.erb (0.3ms)
  Rendered users/new.html.erb within layouts/application (1.4ms)
Completed 200 OK in 229ms (Views: 101.7ms | ActiveRecord: 6.3ms)


Started GET "/users/new" for ::1 at 2015-04-07 12:01:02 -0700
  [1m[36mActiveRecord::SchemaMigration Load (0.7ms)[0m  [1mSELECT "schema_migrations".* FROM "schema_migrations"[0m
Processing by UsersController#new as HTML
  Rendered shared/_login.html.erb (0.7ms)
  Rendered users/new.html.erb within layouts/application (6.1ms)
Completed 200 OK in 128ms (Views: 102.1ms | ActiveRecord: 5.2ms)


Started GET "/users/new" for ::1 at 2015-04-07 12:01:02 -0700
Processing by UsersController#new as HTML
  Rendered shared/_login.html.erb (0.2ms)
  Rendered users/new.html.erb within layouts/application (1.1ms)
Completed 200 OK in 96ms (Views: 95.6ms | ActiveRecord: 0.0ms)


Started POST "/users" for ::1 at 2015-04-07 12:01:17 -0700
Processing by UsersController#create as HTML
  Parameters: {"authenticity_token"=>"SrM7qco9xL/IcmEy0epWCflYJS3jgyBX3gco6GfyjIY3ahXoOyOjImf+Pf+AjYk2RQFarE4wRArIrZpCa4jh6Q==", "user"=>{"email"=>"u1@dance.com", "password"=>"[FILTERED]"}}
  [1m[35m (0.3ms)[0m  BEGIN
  [1m[36mUser Exists (1.5ms)[0m  [1mSELECT  1 AS one FROM "users" WHERE "users"."email" = 'u1@dance.com' LIMIT 1[0m
  [1m[35mUser Exists (0.5ms)[0m  SELECT  1 AS one FROM "users" WHERE "users"."session_token" IS NULL LIMIT 1
  [1m[36m (0.2ms)[0m  [1mROLLBACK[0m
  Rendered shared/_login.html.erb (0.3ms)
  Rendered users/new.html.erb within layouts/application (1.3ms)
Completed 200 OK in 161ms (Views: 48.5ms | ActiveRecord: 2.5ms)


Started GET "/users/new" for ::1 at 2015-04-07 12:03:25 -0700
  [1m[36mActiveRecord::SchemaMigration Load (0.7ms)[0m  [1mSELECT "schema_migrations".* FROM "schema_migrations"[0m
Processing by UsersController#new as HTML
  Rendered shared/_login.html.erb (0.8ms)
  Rendered users/new.html.erb within layouts/application (4.7ms)
Completed 200 OK in 122ms (Views: 95.0ms | ActiveRecord: 5.4ms)


Started GET "/users/new" for ::1 at 2015-04-07 12:03:25 -0700
Processing by UsersController#new as HTML
  Rendered shared/_login.html.erb (0.3ms)
  Rendered users/new.html.erb within layouts/application (1.3ms)
Completed 200 OK in 104ms (Views: 102.7ms | ActiveRecord: 0.0ms)


Started POST "/users" for ::1 at 2015-04-07 12:05:06 -0700
Processing by UsersController#create as HTML
  Parameters: {"authenticity_token"=>"KnyT2GmxXWXsBvXIHyldjKYdCP57NnwFZgMPLoIwADRXpb2ZmK86+EOKqQVOToKzGkR3f9aFGFhwqb2EjkptWw==", "user"=>{"email"=>"user1@dance.com", "password"=>"[FILTERED]"}}
  [1m[35m (0.3ms)[0m  BEGIN
  [1m[36mUser Exists (1.6ms)[0m  [1mSELECT  1 AS one FROM "users" WHERE "users"."email" = 'user1@dance.com' LIMIT 1[0m
  [1m[35mUser Exists (0.5ms)[0m  SELECT  1 AS one FROM "users" WHERE "users"."session_token" = 'xGg-ufPs6oo6zIRIYfxFpQ' LIMIT 1
  [1m[36mSQL (8.9ms)[0m  [1mINSERT INTO "users" ("email", "password_digest", "session_token", "created_at", "updated_at") VALUES ($1, $2, $3, $4, $5) RETURNING "id"[0m  [["email", "user1@dance.com"], ["password_digest", "$2a$10$NnMzdaGtp6dBoTM7AHzO3ONCIixB6zu.Vf3jjbX5XMrtB6fSJYCZK"], ["session_token", "xGg-ufPs6oo6zIRIYfxFpQ"], ["created_at", "2015-04-07 19:05:06.475174"], ["updated_at", "2015-04-07 19:05:06.475174"]]
  [1m[35m (0.8ms)[0m  COMMIT
  [1m[36m (0.3ms)[0m  [1mBEGIN[0m
  [1m[35mUser Exists (1.0ms)[0m  SELECT  1 AS one FROM "users" WHERE ("users"."email" = 'user1@dance.com' AND "users"."id" != 1) LIMIT 1
  [1m[36mUser Exists (0.6ms)[0m  [1mSELECT  1 AS one FROM "users" WHERE ("users"."session_token" = '_EEX7bPgnusNdJ0ydaSgFQ' AND "users"."id" != 1) LIMIT 1[0m
  [1m[35mSQL (0.8ms)[0m  UPDATE "users" SET "session_token" = $1, "updated_at" = $2 WHERE "users"."id" = $3  [["session_token", "_EEX7bPgnusNdJ0ydaSgFQ"], ["updated_at", "2015-04-07 19:05:06.494203"], ["id", 1]]
  [1m[36m (0.6ms)[0m  [1mCOMMIT[0m
Completed 500 Internal Server Error in 147ms

NoMethodError - undefined method `user_url' for #<UsersController:0x007fede41ad4c8>:
  app/controllers/users_controller.rb:8:in `create'
  actionpack (4.2.0) lib/action_controller/metal/implicit_render.rb:4:in `send_action'
  actionpack (4.2.0) lib/abstract_controller/base.rb:198:in `process_action'
  actionpack (4.2.0) lib/action_controller/metal/rendering.rb:10:in `process_action'
  actionpack (4.2.0) lib/abstract_controller/callbacks.rb:20:in `block in process_action'
  activesupport (4.2.0) lib/active_support/callbacks.rb:117:in `call'
  activesupport (4.2.0) lib/active_support/callbacks.rb:151:in `block in halting_and_conditional'
  activesupport (4.2.0) lib/active_support/callbacks.rb:234:in `block in halting'
  activesupport (4.2.0) lib/active_support/callbacks.rb:234:in `block in halting'
  activesupport (4.2.0) lib/active_support/callbacks.rb:169:in `block in halting'
  activesupport (4.2.0) lib/active_support/callbacks.rb:169:in `block in halting'
  activesupport (4.2.0) lib/active_support/callbacks.rb:169:in `block in halting'
  activesupport (4.2.0) lib/active_support/callbacks.rb:92:in `_run_callbacks'
  activesupport (4.2.0) lib/active_support/callbacks.rb:734:in `_run_process_action_callbacks'
  activesupport (4.2.0) lib/active_support/callbacks.rb:81:in `run_callbacks'
  actionpack (4.2.0) lib/abstract_controller/callbacks.rb:19:in `process_action'
  actionpack (4.2.0) lib/action_controller/metal/rescue.rb:29:in `process_action'
  actionpack (4.2.0) lib/action_controller/metal/instrumentation.rb:31:in `block in process_action'
  activesupport (4.2.0) lib/active_support/notifications.rb:164:in `block in instrument'
  activesupport (4.2.0) lib/active_support/notifications/instrumenter.rb:20:in `instrument'
  activesupport (4.2.0) lib/active_support/notifications.rb:164:in `instrument'
  actionpack (4.2.0) lib/action_controller/metal/instrumentation.rb:30:in `process_action'
  actionpack (4.2.0) lib/action_controller/metal/params_wrapper.rb:250:in `process_action'
  activerecord (4.2.0) lib/active_record/railties/controller_runtime.rb:18:in `process_action'
  actionpack (4.2.0) lib/abstract_controller/base.rb:137:in `process'
  actionview (4.2.0) lib/action_view/rendering.rb:30:in `process'
  actionpack (4.2.0) lib/action_controller/metal.rb:195:in `dispatch'
  actionpack (4.2.0) lib/action_controller/metal/rack_delegation.rb:13:in `dispatch'
  actionpack (4.2.0) lib/action_controller/metal.rb:236:in `block in action'
  actionpack (4.2.0) lib/action_dispatch/routing/route_set.rb:73:in `dispatch'
  actionpack (4.2.0) lib/action_dispatch/routing/route_set.rb:42:in `serve'
  actionpack (4.2.0) lib/action_dispatch/journey/router.rb:43:in `block in serve'
  actionpack (4.2.0) lib/action_dispatch/journey/router.rb:30:in `serve'
  actionpack (4.2.0) lib/action_dispatch/routing/route_set.rb:802:in `call'
  newrelic_rpm (3.11.1.284) lib/new_relic/agent/instrumentation/middleware_tracing.rb:67:in `call'
  newrelic_rpm (3.11.1.284) lib/new_relic/rack/agent_hooks.rb:30:in `traced_call'
  newrelic_rpm (3.11.1.284) lib/new_relic/agent/instrumentation/middleware_tracing.rb:67:in `call'
  newrelic_rpm (3.11.1.284) lib/new_relic/rack/browser_monitoring.rb:23:in `traced_call'
  newrelic_rpm (3.11.1.284) lib/new_relic/agent/instrumentation/middleware_tracing.rb:67:in `call'
  rack (1.6.0) lib/rack/etag.rb:24:in `call'
  newrelic_rpm (3.11.1.284) lib/new_relic/agent/instrumentation/middleware_tracing.rb:67:in `call'
  rack (1.6.0) lib/rack/conditionalget.rb:38:in `call'
  newrelic_rpm (3.11.1.284) lib/new_relic/agent/instrumentation/middleware_tracing.rb:67:in `call'
  rack (1.6.0) lib/rack/head.rb:13:in `call'
  newrelic_rpm (3.11.1.284) lib/new_relic/agent/instrumentation/middleware_tracing.rb:67:in `call'
  actionpack (4.2.0) lib/action_dispatch/middleware/params_parser.rb:27:in `call'
  newrelic_rpm (3.11.1.284) lib/new_relic/agent/instrumentation/middleware_tracing.rb:67:in `call'
  actionpack (4.2.0) lib/action_dispatch/middleware/flash.rb:260:in `call'
  newrelic_rpm (3.11.1.284) lib/new_relic/agent/instrumentation/middleware_tracing.rb:67:in `call'
  rack (1.6.0) lib/rack/session/abstract/id.rb:225:in `context'
  rack (1.6.0) lib/rack/session/abstract/id.rb:220:in `call'
  newrelic_rpm (3.11.1.284) lib/new_relic/agent/instrumentation/middleware_tracing.rb:67:in `call'
  actionpack (4.2.0) lib/action_dispatch/middleware/cookies.rb:560:in `call'
  newrelic_rpm (3.11.1.284) lib/new_relic/agent/instrumentation/middleware_tracing.rb:67:in `call'
  activerecord (4.2.0) lib/active_record/query_cache.rb:36:in `call'
  newrelic_rpm (3.11.1.284) lib/new_relic/agent/instrumentation/middleware_tracing.rb:67:in `call'
  activerecord (4.2.0) lib/active_record/connection_adapters/abstract/connection_pool.rb:647:in `call'
  newrelic_rpm (3.11.1.284) lib/new_relic/agent/instrumentation/middleware_tracing.rb:67:in `call'
  activerecord (4.2.0) lib/active_record/migration.rb:378:in `call'
  newrelic_rpm (3.11.1.284) lib/new_relic/agent/instrumentation/middleware_tracing.rb:67:in `call'
  actionpack (4.2.0) lib/action_dispatch/middleware/callbacks.rb:29:in `block in call'
  activesupport (4.2.0) lib/active_support/callbacks.rb:88:in `_run_callbacks'
  activesupport (4.2.0) lib/active_support/callbacks.rb:734:in `_run_call_callbacks'
  activesupport (4.2.0) lib/active_support/callbacks.rb:81:in `run_callbacks'
  actionpack (4.2.0) lib/action_dispatch/middleware/callbacks.rb:27:in `call'
  newrelic_rpm (3.11.1.284) lib/new_relic/agent/instrumentation/middleware_tracing.rb:67:in `call'
  actionpack (4.2.0) lib/action_dispatch/middleware/reloader.rb:73:in `call'
  newrelic_rpm (3.11.1.284) lib/new_relic/agent/instrumentation/middleware_tracing.rb:67:in `call'
  actionpack (4.2.0) lib/action_dispatch/middleware/remote_ip.rb:78:in `call'
  newrelic_rpm (3.11.1.284) lib/new_relic/agent/instrumentation/middleware_tracing.rb:67:in `call'
  better_errors (2.1.1) lib/better_errors/middleware.rb:84:in `protected_app_call'
  better_errors (2.1.1) lib/better_errors/middleware.rb:79:in `better_errors_call'
  better_errors (2.1.1) lib/better_errors/middleware.rb:57:in `call'
  newrelic_rpm (3.11.1.284) lib/new_relic/agent/instrumentation/middleware_tracing.rb:67:in `call'
  actionpack (4.2.0) lib/action_dispatch/middleware/debug_exceptions.rb:17:in `call'
  newrelic_rpm (3.11.1.284) lib/new_relic/agent/instrumentation/middleware_tracing.rb:67:in `call'
  web-console (2.1.2) lib/web_console/middleware.rb:37:in `call'
  newrelic_rpm (3.11.1.284) lib/new_relic/agent/instrumentation/middleware_tracing.rb:67:in `call'
  actionpack (4.2.0) lib/action_dispatch/middleware/show_exceptions.rb:30:in `call'
  newrelic_rpm (3.11.1.284) lib/new_relic/agent/instrumentation/middleware_tracing.rb:67:in `call'
  railties (4.2.0) lib/rails/rack/logger.rb:38:in `call_app'
  railties (4.2.0) lib/rails/rack/logger.rb:20:in `block in call'
  activesupport (4.2.0) lib/active_support/tagged_logging.rb:68:in `block in tagged'
  activesupport (4.2.0) lib/active_support/tagged_logging.rb:26:in `tagged'
  activesupport (4.2.0) lib/active_support/tagged_logging.rb:68:in `tagged'
  railties (4.2.0) lib/rails/rack/logger.rb:20:in `call'
  quiet_assets (1.1.0) lib/quiet_assets.rb:27:in `call_with_quiet_assets'
  newrelic_rpm (3.11.1.284) lib/new_relic/agent/instrumentation/middleware_tracing.rb:67:in `call'
  actionpack (4.2.0) lib/action_dispatch/middleware/request_id.rb:21:in `call'
  newrelic_rpm (3.11.1.284) lib/new_relic/agent/instrumentation/middleware_tracing.rb:67:in `call'
  rack (1.6.0) lib/rack/methodoverride.rb:22:in `call'
  newrelic_rpm (3.11.1.284) lib/new_relic/agent/instrumentation/middleware_tracing.rb:67:in `call'
  rack (1.6.0) lib/rack/runtime.rb:18:in `call'
  newrelic_rpm (3.11.1.284) lib/new_relic/agent/instrumentation/middleware_tracing.rb:67:in `call'
  activesupport (4.2.0) lib/active_support/cache/strategy/local_cache_middleware.rb:28:in `call'
  newrelic_rpm (3.11.1.284) lib/new_relic/agent/instrumentation/middleware_tracing.rb:67:in `call'
  rack (1.6.0) lib/rack/lock.rb:17:in `call'
  newrelic_rpm (3.11.1.284) lib/new_relic/agent/instrumentation/middleware_tracing.rb:67:in `call'
  actionpack (4.2.0) lib/action_dispatch/middleware/static.rb:113:in `call'
  newrelic_rpm (3.11.1.284) lib/new_relic/agent/instrumentation/middleware_tracing.rb:67:in `call'
  rack (1.6.0) lib/rack/sendfile.rb:113:in `call'
  newrelic_rpm (3.11.1.284) lib/new_relic/agent/instrumentation/middleware_tracing.rb:67:in `call'
  railties (4.2.0) lib/rails/engine.rb:518:in `call'
  railties (4.2.0) lib/rails/application.rb:164:in `call'
  newrelic_rpm (3.11.1.284) lib/new_relic/agent/instrumentation/middleware_tracing.rb:67:in `call'
  rack (1.6.0) lib/rack/lock.rb:17:in `call'
  rack (1.6.0) lib/rack/content_length.rb:15:in `call'
  rack (1.6.0) lib/rack/handler/webrick.rb:89:in `service'
  /Users/vincentshieh/.rbenv/versions/2.1.2/lib/ruby/2.1.0/webrick/httpserver.rb:138:in `service'
  /Users/vincentshieh/.rbenv/versions/2.1.2/lib/ruby/2.1.0/webrick/httpserver.rb:94:in `run'
  /Users/vincentshieh/.rbenv/versions/2.1.2/lib/ruby/2.1.0/webrick/server.rb:295:in `block in start_thread'



Started POST "/__better_errors/354e688c2ec63045/variables" for ::1 at 2015-04-07 12:05:06 -0700


Started GET "/users" for ::1 at 2015-04-07 12:05:53 -0700
Processing by UsersController#index as HTML
  [1m[35mUser Load (0.6ms)[0m  SELECT "users".* FROM "users"
  Rendered users/index.html.erb within layouts/application (8.4ms)
Completed 200 OK in 65ms (Views: 57.9ms | ActiveRecord: 3.5ms)
